[2020-05-20 15:57:26] local.ERROR: SQLSTATE[42S22]: Column not found: 1054 Unknown column 'name' in 'field list' (SQL: insert into `products` (`name`, `detail`, `updated_at`, `created_at`) values (title 1, detail 1, 2020-05-20 15:57:26, 2020-05-20 15:57:26)) {"exception":"[object] (Illuminate\\Database\\QueryException(code: 42S22): SQLSTATE[42S22]: Column not found: 1054 Unknown column 'name' in 'field list' (SQL: insert into `products` (`name`, `detail`, `updated_at`, `created_at`) values (title 1, detail 1, 2020-05-20 15:57:26, 2020-05-20 15:57:26)) at /Applications/XAMPP/xamppfiles/htdocs/git/export-import-laravel/vendor/laravel/framework/src/Illuminate/Database/Connection.php:671)
[stacktrace]
#0 /Applications/XAMPP/xamppfiles/htdocs/git/export-import-laravel/vendor/laravel/framework/src/Illuminate/Database/Connection.php(631): Illuminate\\Database\\Connection->runQueryCallback('insert into `pr...', Array, Object(Closure))
#1 /Applications/XAMPP/xamppfiles/htdocs/git/export-import-laravel/vendor/laravel/framework/src/Illuminate/Database/Connection.php(465): Illuminate\\Database\\Connection->run('insert into `pr...', Array, Object(Closure))
#2 /Applications/XAMPP/xamppfiles/htdocs/git/export-import-laravel/vendor/laravel/framework/src/Illuminate/Database/Connection.php(417): Illuminate\\Database\\Connection->statement('insert into `pr...', Array)
#3 /Applications/XAMPP/xamppfiles/htdocs/git/export-import-laravel/vendor/laravel/framework/src/Illuminate/Database/Query/Processors/Processor.php(32): Illuminate\\Database\\Connection->insert('insert into `pr...', Array)
#4 /Applications/XAMPP/xamppfiles/htdocs/git/export-import-laravel/vendor/laravel/framework/src/Illuminate/Database/Query/Builder.php(2747): Illuminate\\Database\\Query\\Processors\\Processor->processInsertGetId(Object(Illuminate\\Database\\Query\\Builder), 'insert into `pr...', Array, 'id')
#5 /Applications/XAMPP/xamppfiles/htdocs/git/export-import-laravel/vendor/laravel/framework/src/Illuminate/Database/Eloquent/Builder.php(1403): Illuminate\\Database\\Query\\Builder->insertGetId(Array, 'id')
#6 /Applications/XAMPP/xamppfiles/htdocs/git/export-import-laravel/vendor/laravel/framework/src/Illuminate/Database/Eloquent/Model.php(867): Illuminate\\Database\\Eloquent\\Builder->__call('insertGetId', Array)
#7 /Applications/XAMPP/xamppfiles/htdocs/git/export-import-laravel/vendor/laravel/framework/src/Illuminate/Database/Eloquent/Model.php(832): Illuminate\\Database\\Eloquent\\Model->insertAndSetId(Object(Illuminate\\Database\\Eloquent\\Builder), Array)
#8 /Applications/XAMPP/xamppfiles/htdocs/git/export-import-laravel/vendor/laravel/framework/src/Illuminate/Database/Eloquent/Model.php(695): Illuminate\\Database\\Eloquent\\Model->performInsert(Object(Illuminate\\Database\\Eloquent\\Builder))
#9 /Applications/XAMPP/xamppfiles/htdocs/git/export-import-laravel/vendor/laravel/framework/src/Illuminate/Database/Eloquent/Model.php(724): Illuminate\\Database\\Eloquent\\Model->save(Array)
#10 /Applications/XAMPP/xamppfiles/htdocs/git/export-import-laravel/vendor/laravel/framework/src/Illuminate/Database/Concerns/ManagesTransactions.php(28): Illuminate\\Database\\Eloquent\\Model->Illuminate\\Database\\Eloquent\\{closure}(Object(Illuminate\\Database\\MySqlConnection))
#11 /Applications/XAMPP/xamppfiles/htdocs/git/export-import-laravel/vendor/laravel/framework/src/Illuminate/Database/Eloquent/Model.php(725): Illuminate\\Database\\Connection->transaction(Object(Closure))
#12 /Applications/XAMPP/xamppfiles/htdocs/git/export-import-laravel/vendor/maatwebsite/excel/src/Imports/ModelManager.php(118): Illuminate\\Database\\Eloquent\\Model->saveOrFail()
#13 /Applications/XAMPP/xamppfiles/htdocs/git/export-import-laravel/vendor/laravel/framework/src/Illuminate/Support/Traits/EnumeratesValues.php(202): Maatwebsite\\Excel\\Imports\\ModelManager->Maatwebsite\\Excel\\Imports\\{closure}(Object(App\\Product), 0)
#14 /Applications/XAMPP/xamppfiles/htdocs/git/export-import-laravel/vendor/maatwebsite/excel/src/Imports/ModelManager.php(126): Illuminate\\Support\\Collection->each(Object(Closure))
#15 /Applications/XAMPP/xamppfiles/htdocs/git/export-import-laravel/vendor/laravel/framework/src/Illuminate/Support/Traits/EnumeratesValues.php(202): Maatwebsite\\Excel\\Imports\\ModelManager->Maatwebsite\\Excel\\Imports\\{closure}(Array, 1)
#16 /Applications/XAMPP/xamppfiles/htdocs/git/export-import-laravel/vendor/maatwebsite/excel/src/Imports/ModelManager.php(127): Illuminate\\Support\\Collection->each(Object(Closure))
#17 /Applications/XAMPP/xamppfiles/htdocs/git/export-import-laravel/vendor/maatwebsite/excel/src/Imports/ModelManager.php(59): Maatwebsite\\Excel\\Imports\\ModelManager->singleFlush(Object(App\\Imports\\ProductsImport))
#18 /Applications/XAMPP/xamppfiles/htdocs/git/export-import-laravel/vendor/maatwebsite/excel/src/Imports/ModelImporter.php(60): Maatwebsite\\Excel\\Imports\\ModelManager->flush(Object(App\\Imports\\ProductsImport), false)
#19 /Applications/XAMPP/xamppfiles/htdocs/git/export-import-laravel/vendor/maatwebsite/excel/src/Sheet.php(248): Maatwebsite\\Excel\\Imports\\ModelImporter->import(Object(PhpOffice\\PhpSpreadsheet\\Worksheet\\Worksheet), Object(App\\Imports\\ProductsImport), 1)
#20 /Applications/XAMPP/xamppfiles/htdocs/git/export-import-laravel/vendor/maatwebsite/excel/src/Reader.php(111): Maatwebsite\\Excel\\Sheet->import(Object(App\\Imports\\ProductsImport), 1)
#21 /Applications/XAMPP/xamppfiles/htdocs/git/export-import-laravel/vendor/laravel/framework/src/Illuminate/Database/Concerns/ManagesTransactions.php(28): Maatwebsite\\Excel\\Reader->Maatwebsite\\Excel\\{closure}(Object(Illuminate\\Database\\MySqlConnection))
#22 /Applications/XAMPP/xamppfiles/htdocs/git/export-import-laravel/vendor/maatwebsite/excel/src/Transactions/DbTransactionHandler.php(30): Illuminate\\Database\\Connection->transaction(Object(Closure))
#23 /Applications/XAMPP/xamppfiles/htdocs/git/export-import-laravel/vendor/maatwebsite/excel/src/Reader.php(115): Maatwebsite\\Excel\\Transactions\\DbTransactionHandler->__invoke(Object(Closure))
#24 /Applications/XAMPP/xamppfiles/htdocs/git/export-import-laravel/vendor/maatwebsite/excel/src/Excel.php(146): Maatwebsite\\Excel\\Reader->read(Object(App\\Imports\\ProductsImport), Object(Illuminate\\Http\\UploadedFile), 'Csv', NULL)
#25 /Applications/XAMPP/xamppfiles/htdocs/git/export-import-laravel/vendor/laravel/framework/src/Illuminate/Support/Facades/Facade.php(261): Maatwebsite\\Excel\\Excel->import(Object(App\\Imports\\ProductsImport), Object(Illuminate\\Http\\UploadedFile))
#26 /Applications/XAMPP/xamppfiles/htdocs/git/export-import-laravel/app/Http/Controllers/ProductController.php(106): Illuminate\\Support\\Facades\\Facade::__callStatic('import', Array)
#27 [internal function]: App\\Http\\Controllers\\ProductController->import()
#28 /Applications/XAMPP/xamppfiles/htdocs/git/export-import-laravel/vendor/laravel/framework/src/Illuminate/Routing/Controller.php(54): call_user_func_array(Array, Array)
#29 /Applications/XAMPP/xamppfiles/htdocs/git/export-import-laravel/vendor/laravel/framework/src/Illuminate/Routing/ControllerDispatcher.php(45): Illuminate\\Routing\\Controller->callAction('import', Array)
#30 /Applications/XAMPP/xamppfiles/htdocs/git/export-import-laravel/vendor/laravel/framework/src/Illuminate/Routing/Route.php(239): Illuminate\\Routing\\ControllerDispatcher->dispatch(Object(Illuminate\\Routing\\Route), Object(App\\Http\\Controllers\\ProductController), 'import')
#31 /Applications/XAMPP/xamppfiles/htdocs/git/export-import-laravel/vendor/laravel/framework/src/Illuminate/Routing/Route.php(196): Illuminate\\Routing\\Route->runController()
#32 /Applications/XAMPP/xamppfiles/htdocs/git/export-import-laravel/vendor/laravel/framework/src/Illuminate/Routing/Router.php(685): Illuminate\\Routing\\Route->run()
#33 /Applications/XAMPP/xamppfiles/htdocs/git/export-import-laravel/vendor/laravel/framework/src/Illuminate/Pipeline/Pipeline.php(128): Illuminate\\Routing\\Router->Illuminate\\Routing\\{closure}(Object(Illuminate\\Http\\Request))
#34 /Applications/XAMPP/xamppfiles/htdocs/git/export-import-laravel/vendor/laravel/framework/src/Illuminate/Routing/Middleware/SubstituteBindings.php(41): Illuminate\\Pipeline\\Pipeline->Illuminate\\Pipeline\\{closure}(Object(Illuminate\\Http\\Request))
#35 /Applications/XAMPP/xamppfiles/htdocs/git/export-import-laravel/vendor/laravel/framework/src/Illuminate/Pipeline/Pipeline.php(167): Illuminate\\Routing\\Middleware\\SubstituteBindings->handle(Object(Illuminate\\Http\\Request), Object(Closure))
#36 /Applications/XAMPP/xamppfiles/htdocs/git/export-import-laravel/vendor/laravel/framework/src/Illuminate/Foundation/Http/Middleware/VerifyCsrfToken.php(76): Illuminate\\Pipeline\\Pipeline->Illuminate\\Pipeline\\{closure}(Object(Illuminate\\Http\\Request))
#37 /Applications/XAMPP/xamppfiles/htdocs/git/export-import-laravel/vendor/laravel/framework/src/Illuminate/Pipeline/Pipeline.php(167): Illuminate\\Foundation\\Http\\Middleware\\VerifyCsrfToken->handle(Object(Illuminate\\Http\\Request), Object(Closure))
#38 /Applications/XAMPP/xamppfiles/htdocs/git/export-import-laravel/vendor/laravel/framework/src/Illuminate/View/Middleware/ShareErrorsFromSession.php(49): Illuminate\\Pipeline\\Pipeline->Illuminate\\Pipeline\\{closure}(Object(Illuminate\\Http\\Request))
#39 /Applications/XAMPP/xamppfiles/htdocs/git/export-import-laravel/vendor/laravel/framework/src/Illuminate/Pipeline/Pipeline.php(167): Illuminate\\View\\Middleware\\ShareErrorsFromSession->handle(Object(Illuminate\\Http\\Request), Object(Closure))
#40 /Applications/XAMPP/xamppfiles/htdocs/git/export-import-laravel/vendor/laravel/framework/src/Illuminate/Session/Middleware/StartSession.php(116): Illuminate\\Pipeline\\Pipeline->Illuminate\\Pipeline\\{closure}(Object(Illuminate\\Http\\Request))
#41 /Applications/XAMPP/xamppfiles/htdocs/git/export-import-laravel/vendor/laravel/framework/src/Illuminate/Session/Middleware/StartSession.php(62): Illuminate\\Session\\Middleware\\StartSession->handleStatefulRequest(Object(Illuminate\\Http\\Request), Object(Illuminate\\Session\\Store), Object(Closure))
#42 /Applications/XAMPP/xamppfiles/htdocs/git/export-import-laravel/vendor/laravel/framework/src/Illuminate/Pipeline/Pipeline.php(167): Illuminate\\Session\\Middleware\\StartSession->handle(Object(Illuminate\\Http\\Request), Object(Closure))
#43 /Applications/XAMPP/xamppfiles/htdocs/git/export-import-laravel/vendor/laravel/framework/src/Illuminate/Cookie/Middleware/AddQueuedCookiesToResponse.php(37): Illuminate\\Pipeline\\Pipeline->Illuminate\\Pipeline\\{closure}(Object(Illuminate\\Http\\Request))
#44 /Applications/XAMPP/xamppfiles/htdocs/git/export-import-laravel/vendor/laravel/framework/src/Illuminate/Pipeline/Pipeline.php(167): Illuminate\\Cookie\\Middleware\\AddQueuedCookiesToResponse->handle(Object(Illuminate\\Http\\Request), Object(Closure))
#45 /Applications/XAMPP/xamppfiles/htdocs/git/export-import-laravel/vendor/laravel/framework/src/Illuminate/Cookie/Middleware/EncryptCookies.php(66): Illuminate\\Pipeline\\Pipeline->Illuminate\\Pipeline\\{closure}(Object(Illuminate\\Http\\Request))
#46 /Applications/XAMPP/xamppfiles/htdocs/git/export-import-laravel/vendor/laravel/framework/src/Illuminate/Pipeline/Pipeline.php(167): Illuminate\\Cookie\\Middleware\\EncryptCookies->handle(Object(Illuminate\\Http\\Request), Object(Closure))
#47 /Applications/XAMPP/xamppfiles/htdocs/git/export-import-laravel/vendor/laravel/framework/src/Illuminate/Pipeline/Pipeline.php(103): Illuminate\\Pipeline\\Pipeline->Illuminate\\Pipeline\\{closure}(Object(Illuminate\\Http\\Request))
#48 /Applications/XAMPP/xamppfiles/htdocs/git/export-import-laravel/vendor/laravel/framework/src/Illuminate/Routing/Router.php(687): Illuminate\\Pipeline\\Pipeline->then(Object(Closure))
#49 /Applications/XAMPP/xamppfiles/htdocs/git/export-import-laravel/vendor/laravel/framework/src/Illuminate/Routing/Router.php(662): Illuminate\\Routing\\Router->runRouteWithinStack(Object(Illuminate\\Routing\\Route), Object(Illuminate\\Http\\Request))
#50 /Applications/XAMPP/xamppfiles/htdocs/git/export-import-laravel/vendor/laravel/framework/src/Illuminate/Routing/Router.php(628): Illuminate\\Routing\\Router->runRoute(Object(Illuminate\\Http\\Request), Object(Illuminate\\Routing\\Route))
#51 /Applications/XAMPP/xamppfiles/htdocs/git/export-import-laravel/vendor/laravel/framework/src/Illuminate/Routing/Router.php(617): Illuminate\\Routing\\Router->dispatchToRoute(Object(Illuminate\\Http\\Request))
#52 /Applications/XAMPP/xamppfiles/htdocs/git/export-import-laravel/vendor/laravel/framework/src/Illuminate/Foundation/Http/Kernel.php(165): Illuminate\\Routing\\Router->dispatch(Object(Illuminate\\Http\\Request))
#53 /Applications/XAMPP/xamppfiles/htdocs/git/export-import-laravel/vendor/laravel/framework/src/Illuminate/Pipeline/Pipeline.php(128): Illuminate\\Foundation\\Http\\Kernel->Illuminate\\Foundation\\Http\\{closure}(Object(Illuminate\\Http\\Request))
#54 /Applications/XAMPP/xamppfiles/htdocs/git/export-import-laravel/vendor/laravel/framework/src/Illuminate/Foundation/Http/Middleware/TransformsRequest.php(21): Illuminate\\Pipeline\\Pipeline->Illuminate\\Pipeline\\{closure}(Object(Illuminate\\Http\\Request))
#55 /Applications/XAMPP/xamppfiles/htdocs/git/export-import-laravel/vendor/laravel/framework/src/Illuminate/Pipeline/Pipeline.php(167): Illuminate\\Foundation\\Http\\Middleware\\TransformsRequest->handle(Object(Illuminate\\Http\\Request), Object(Closure))
#56 /Applications/XAMPP/xamppfiles/htdocs/git/export-import-laravel/vendor/laravel/framework/src/Illuminate/Foundation/Http/Middleware/TransformsRequest.php(21): Illuminate\\Pipeline\\Pipeline->Illuminate\\Pipeline\\{closure}(Object(Illuminate\\Http\\Request))
#57 /Applications/XAMPP/xamppfiles/htdocs/git/export-import-laravel/vendor/laravel/framework/src/Illuminate/Pipeline/Pipeline.php(167): Illuminate\\Foundation\\Http\\Middleware\\TransformsRequest->handle(Object(Illuminate\\Http\\Request), Object(Closure))
#58 /Applications/XAMPP/xamppfiles/htdocs/git/export-import-laravel/vendor/laravel/framework/src/Illuminate/Foundation/Http/Middleware/ValidatePostSize.php(27): Illuminate\\Pipeline\\Pipeline->Illuminate\\Pipeline\\{closure}(Object(Illuminate\\Http\\Request))
#59 /Applications/XAMPP/xamppfiles/htdocs/git/export-import-laravel/vendor/laravel/framework/src/Illuminate/Pipeline/Pipeline.php(167): Illuminate\\Foundation\\Http\\Middleware\\ValidatePostSize->handle(Object(Illuminate\\Http\\Request), Object(Closure))
#60 /Applications/XAMPP/xamppfiles/htdocs/git/export-import-laravel/vendor/laravel/framework/src/Illuminate/Foundation/Http/Middleware/CheckForMaintenanceMode.php(63): Illuminate\\Pipeline\\Pipeline->Illuminate\\Pipeline\\{closure}(Object(Illuminate\\Http\\Request))
#61 /Applications/XAMPP/xamppfiles/htdocs/git/export-import-laravel/vendor/laravel/framework/src/Illuminate/Pipeline/Pipeline.php(167): Illuminate\\Foundation\\Http\\Middleware\\CheckForMaintenanceMode->handle(Object(Illuminate\\Http\\Request), Object(Closure))
#62 /Applications/XAMPP/xamppfiles/htdocs/git/export-import-laravel/vendor/fruitcake/laravel-cors/src/HandleCors.php(37): Illuminate\\Pipeline\\Pipeline->Illuminate\\Pipeline\\{closure}(Object(Illuminate\\Http\\Request))
#63 /Applications/XAMPP/xamppfiles/htdocs/git/export-import-laravel/vendor/laravel/framework/src/Illuminate/Pipeline/Pipeline.php(167): Fruitcake\\Cors\\HandleCors->handle(Object(Illuminate\\Http\\Request), Object(Closure))
#64 /Applications/XAMPP/xamppfiles/htdocs/git/export-import-laravel/vendor/fideloper/proxy/src/TrustProxies.php(57): Illuminate\\Pipeline\\Pipeline->Illuminate\\Pipeline\\{closure}(Object(Illuminate\\Http\\Request))
#65 /Applications/XAMPP/xamppfiles/htdocs/git/export-import-laravel/vendor/laravel/framework/src/Illuminate/Pipeline/Pipeline.php(167): Fideloper\\Proxy\\TrustProxies->handle(Object(Illuminate\\Http\\Request), Object(Closure))
#66 /Applications/XAMPP/xamppfiles/htdocs/git/export-import-laravel/vendor/laravel/framework/src/Illuminate/Pipeline/Pipeline.php(103): Illuminate\\Pipeline\\Pipeline->Illuminate\\Pipeline\\{closure}(Object(Illuminate\\Http\\Request))
#67 /Applications/XAMPP/xamppfiles/htdocs/git/export-import-laravel/vendor/laravel/framework/src/Illuminate/Foundation/Http/Kernel.php(140): Illuminate\\Pipeline\\Pipeline->then(Object(Closure))
#68 /Applications/XAMPP/xamppfiles/htdocs/git/export-import-laravel/vendor/laravel/framework/src/Illuminate/Foundation/Http/Kernel.php(109): Illuminate\\Foundation\\Http\\Kernel->sendRequestThroughRouter(Object(Illuminate\\Http\\Request))
#69 /Applications/XAMPP/xamppfiles/htdocs/git/export-import-laravel/public/index.php(55): Illuminate\\Foundation\\Http\\Kernel->handle(Object(Illuminate\\Http\\Request))
#70 /Applications/XAMPP/xamppfiles/htdocs/git/export-import-laravel/server.php(21): require_once('/Applications/X...')
#71 {main}

[previous exception] [object] (PDOException(code: 42S22): SQLSTATE[42S22]: Column not found: 1054 Unknown column 'name' in 'field list' at /Applications/XAMPP/xamppfiles/htdocs/git/export-import-laravel/vendor/laravel/framework/src/Illuminate/Database/Connection.php:458)
[stacktrace]
#0 /Applications/XAMPP/xamppfiles/htdocs/git/export-import-laravel/vendor/laravel/framework/src/Illuminate/Database/Connection.php(458): PDO->prepare('insert into `pr...')
#1 /Applications/XAMPP/xamppfiles/htdocs/git/export-import-laravel/vendor/laravel/framework/src/Illuminate/Database/Connection.php(664): Illuminate\\Database\\Connection->Illuminate\\Database\\{closure}('insert into `pr...', Array)
#2 /Applications/XAMPP/xamppfiles/htdocs/git/export-import-laravel/vendor/laravel/framework/src/Illuminate/Database/Connection.php(631): Illuminate\\Database\\Connection->runQueryCallback('insert into `pr...', Array, Object(Closure))
#3 /Applications/XAMPP/xamppfiles/htdocs/git/export-import-laravel/vendor/laravel/framework/src/Illuminate/Database/Connection.php(465): Illuminate\\Database\\Connection->run('insert into `pr...', Array, Object(Closure))
#4 /Applications/XAMPP/xamppfiles/htdocs/git/export-import-laravel/vendor/laravel/framework/src/Illuminate/Database/Connection.php(417): Illuminate\\Database\\Connection->statement('insert into `pr...', Array)
#5 /Applications/XAMPP/xamppfiles/htdocs/git/export-import-laravel/vendor/laravel/framework/src/Illuminate/Database/Query/Processors/Processor.php(32): Illuminate\\Database\\Connection->insert('insert into `pr...', Array)
#6 /Applications/XAMPP/xamppfiles/htdocs/git/export-import-laravel/vendor/laravel/framework/src/Illuminate/Database/Query/Builder.php(2747): Illuminate\\Database\\Query\\Processors\\Processor->processInsertGetId(Object(Illuminate\\Database\\Query\\Builder), 'insert into `pr...', Array, 'id')
#7 /Applications/XAMPP/xamppfiles/htdocs/git/export-import-laravel/vendor/laravel/framework/src/Illuminate/Database/Eloquent/Builder.php(1403): Illuminate\\Database\\Query\\Builder->insertGetId(Array, 'id')
#8 /Applications/XAMPP/xamppfiles/htdocs/git/export-import-laravel/vendor/laravel/framework/src/Illuminate/Database/Eloquent/Model.php(867): Illuminate\\Database\\Eloquent\\Builder->__call('insertGetId', Array)
#9 /Applications/XAMPP/xamppfiles/htdocs/git/export-import-laravel/vendor/laravel/framework/src/Illuminate/Database/Eloquent/Model.php(832): Illuminate\\Database\\Eloquent\\Model->insertAndSetId(Object(Illuminate\\Database\\Eloquent\\Builder), Array)
#10 /Applications/XAMPP/xamppfiles/htdocs/git/export-import-laravel/vendor/laravel/framework/src/Illuminate/Database/Eloquent/Model.php(695): Illuminate\\Database\\Eloquent\\Model->performInsert(Object(Illuminate\\Database\\Eloquent\\Builder))
#11 /Applications/XAMPP/xamppfiles/htdocs/git/export-import-laravel/vendor/laravel/framework/src/Illuminate/Database/Eloquent/Model.php(724): Illuminate\\Database\\Eloquent\\Model->save(Array)
#12 /Applications/XAMPP/xamppfiles/htdocs/git/export-import-laravel/vendor/laravel/framework/src/Illuminate/Database/Concerns/ManagesTransactions.php(28): Illuminate\\Database\\Eloquent\\Model->Illuminate\\Database\\Eloquent\\{closure}(Object(Illuminate\\Database\\MySqlConnection))
#13 /Applications/XAMPP/xamppfiles/htdocs/git/export-import-laravel/vendor/laravel/framework/src/Illuminate/Database/Eloquent/Model.php(725): Illuminate\\Database\\Connection->transaction(Object(Closure))
#14 /Applications/XAMPP/xamppfiles/htdocs/git/export-import-laravel/vendor/maatwebsite/excel/src/Imports/ModelManager.php(118): Illuminate\\Database\\Eloquent\\Model->saveOrFail()
#15 /Applications/XAMPP/xamppfiles/htdocs/git/export-import-laravel/vendor/laravel/framework/src/Illuminate/Support/Traits/EnumeratesValues.php(202): Maatwebsite\\Excel\\Imports\\ModelManager->Maatwebsite\\Excel\\Imports\\{closure}(Object(App\\Product), 0)
#16 /Applications/XAMPP/xamppfiles/htdocs/git/export-import-laravel/vendor/maatwebsite/excel/src/Imports/ModelManager.php(126): Illuminate\\Support\\Collection->each(Object(Closure))
#17 /Applications/XAMPP/xamppfiles/htdocs/git/export-import-laravel/vendor/laravel/framework/src/Illuminate/Support/Traits/EnumeratesValues.php(202): Maatwebsite\\Excel\\Imports\\ModelManager->Maatwebsite\\Excel\\Imports\\{closure}(Array, 1)
#18 /Applications/XAMPP/xamppfiles/htdocs/git/export-import-laravel/vendor/maatwebsite/excel/src/Imports/ModelManager.php(127): Illuminate\\Support\\Collection->each(Object(Closure))
#19 /Applications/XAMPP/xamppfiles/htdocs/git/export-import-laravel/vendor/maatwebsite/excel/src/Imports/ModelManager.php(59): Maatwebsite\\Excel\\Imports\\ModelManager->singleFlush(Object(App\\Imports\\ProductsImport))
#20 /Applications/XAMPP/xamppfiles/htdocs/git/export-import-laravel/vendor/maatwebsite/excel/src/Imports/ModelImporter.php(60): Maatwebsite\\Excel\\Imports\\ModelManager->flush(Object(App\\Imports\\ProductsImport), false)
#21 /Applications/XAMPP/xamppfiles/htdocs/git/export-import-laravel/vendor/maatwebsite/excel/src/Sheet.php(248): Maatwebsite\\Excel\\Imports\\ModelImporter->import(Object(PhpOffice\\PhpSpreadsheet\\Worksheet\\Worksheet), Object(App\\Imports\\ProductsImport), 1)
#22 /Applications/XAMPP/xamppfiles/htdocs/git/export-import-laravel/vendor/maatwebsite/excel/src/Reader.php(111): Maatwebsite\\Excel\\Sheet->import(Object(App\\Imports\\ProductsImport), 1)
#23 /Applications/XAMPP/xamppfiles/htdocs/git/export-import-laravel/vendor/laravel/framework/src/Illuminate/Database/Concerns/ManagesTransactions.php(28): Maatwebsite\\Excel\\Reader->Maatwebsite\\Excel\\{closure}(Object(Illuminate\\Database\\MySqlConnection))
#24 /Applications/XAMPP/xamppfiles/htdocs/git/export-import-laravel/vendor/maatwebsite/excel/src/Transactions/DbTransactionHandler.php(30): Illuminate\\Database\\Connection->transaction(Object(Closure))
#25 /Applications/XAMPP/xamppfiles/htdocs/git/export-import-laravel/vendor/maatwebsite/excel/src/Reader.php(115): Maatwebsite\\Excel\\Transactions\\DbTransactionHandler->__invoke(Object(Closure))
#26 /Applications/XAMPP/xamppfiles/htdocs/git/export-import-laravel/vendor/maatwebsite/excel/src/Excel.php(146): Maatwebsite\\Excel\\Reader->read(Object(App\\Imports\\ProductsImport), Object(Illuminate\\Http\\UploadedFile), 'Csv', NULL)
#27 /Applications/XAMPP/xamppfiles/htdocs/git/export-import-laravel/vendor/laravel/framework/src/Illuminate/Support/Facades/Facade.php(261): Maatwebsite\\Excel\\Excel->import(Object(App\\Imports\\ProductsImport), Object(Illuminate\\Http\\UploadedFile))
#28 /Applications/XAMPP/xamppfiles/htdocs/git/export-import-laravel/app/Http/Controllers/ProductController.php(106): Illuminate\\Support\\Facades\\Facade::__callStatic('import', Array)
#29 [internal function]: App\\Http\\Controllers\\ProductController->import()
#30 /Applications/XAMPP/xamppfiles/htdocs/git/export-import-laravel/vendor/laravel/framework/src/Illuminate/Routing/Controller.php(54): call_user_func_array(Array, Array)
#31 /Applications/XAMPP/xamppfiles/htdocs/git/export-import-laravel/vendor/laravel/framework/src/Illuminate/Routing/ControllerDispatcher.php(45): Illuminate\\Routing\\Controller->callAction('import', Array)
#32 /Applications/XAMPP/xamppfiles/htdocs/git/export-import-laravel/vendor/laravel/framework/src/Illuminate/Routing/Route.php(239): Illuminate\\Routing\\ControllerDispatcher->dispatch(Object(Illuminate\\Routing\\Route), Object(App\\Http\\Controllers\\ProductController), 'import')
#33 /Applications/XAMPP/xamppfiles/htdocs/git/export-import-laravel/vendor/laravel/framework/src/Illuminate/Routing/Route.php(196): Illuminate\\Routing\\Route->runController()
#34 /Applications/XAMPP/xamppfiles/htdocs/git/export-import-laravel/vendor/laravel/framework/src/Illuminate/Routing/Router.php(685): Illuminate\\Routing\\Route->run()
#35 /Applications/XAMPP/xamppfiles/htdocs/git/export-import-laravel/vendor/laravel/framework/src/Illuminate/Pipeline/Pipeline.php(128): Illuminate\\Routing\\Router->Illuminate\\Routing\\{closure}(Object(Illuminate\\Http\\Request))
#36 /Applications/XAMPP/xamppfiles/htdocs/git/export-import-laravel/vendor/laravel/framework/src/Illuminate/Routing/Middleware/SubstituteBindings.php(41): Illuminate\\Pipeline\\Pipeline->Illuminate\\Pipeline\\{closure}(Object(Illuminate\\Http\\Request))
#37 /Applications/XAMPP/xamppfiles/htdocs/git/export-import-laravel/vendor/laravel/framework/src/Illuminate/Pipeline/Pipeline.php(167): Illuminate\\Routing\\Middleware\\SubstituteBindings->handle(Object(Illuminate\\Http\\Request), Object(Closure))
#38 /Applications/XAMPP/xamppfiles/htdocs/git/export-import-laravel/vendor/laravel/framework/src/Illuminate/Foundation/Http/Middleware/VerifyCsrfToken.php(76): Illuminate\\Pipeline\\Pipeline->Illuminate\\Pipeline\\{closure}(Object(Illuminate\\Http\\Request))
#39 /Applications/XAMPP/xamppfiles/htdocs/git/export-import-laravel/vendor/laravel/framework/src/Illuminate/Pipeline/Pipeline.php(167): Illuminate\\Foundation\\Http\\Middleware\\VerifyCsrfToken->handle(Object(Illuminate\\Http\\Request), Object(Closure))
#40 /Applications/XAMPP/xamppfiles/htdocs/git/export-import-laravel/vendor/laravel/framework/src/Illuminate/View/Middleware/ShareErrorsFromSession.php(49): Illuminate\\Pipeline\\Pipeline->Illuminate\\Pipeline\\{closure}(Object(Illuminate\\Http\\Request))
#41 /Applications/XAMPP/xamppfiles/htdocs/git/export-import-laravel/vendor/laravel/framework/src/Illuminate/Pipeline/Pipeline.php(167): Illuminate\\View\\Middleware\\ShareErrorsFromSession->handle(Object(Illuminate\\Http\\Request), Object(Closure))
#42 /Applications/XAMPP/xamppfiles/htdocs/git/export-import-laravel/vendor/laravel/framework/src/Illuminate/Session/Middleware/StartSession.php(116): Illuminate\\Pipeline\\Pipeline->Illuminate\\Pipeline\\{closure}(Object(Illuminate\\Http\\Request))
#43 /Applications/XAMPP/xamppfiles/htdocs/git/export-import-laravel/vendor/laravel/framework/src/Illuminate/Session/Middleware/StartSession.php(62): Illuminate\\Session\\Middleware\\StartSession->handleStatefulRequest(Object(Illuminate\\Http\\Request), Object(Illuminate\\Session\\Store), Object(Closure))
#44 /Applications/XAMPP/xamppfiles/htdocs/git/export-import-laravel/vendor/laravel/framework/src/Illuminate/Pipeline/Pipeline.php(167): Illuminate\\Session\\Middleware\\StartSession->handle(Object(Illuminate\\Http\\Request), Object(Closure))
#45 /Applications/XAMPP/xamppfiles/htdocs/git/export-import-laravel/vendor/laravel/framework/src/Illuminate/Cookie/Middleware/AddQueuedCookiesToResponse.php(37): Illuminate\\Pipeline\\Pipeline->Illuminate\\Pipeline\\{closure}(Object(Illuminate\\Http\\Request))
#46 /Applications/XAMPP/xamppfiles/htdocs/git/export-import-laravel/vendor/laravel/framework/src/Illuminate/Pipeline/Pipeline.php(167): Illuminate\\Cookie\\Middleware\\AddQueuedCookiesToResponse->handle(Object(Illuminate\\Http\\Request), Object(Closure))
#47 /Applications/XAMPP/xamppfiles/htdocs/git/export-import-laravel/vendor/laravel/framework/src/Illuminate/Cookie/Middleware/EncryptCookies.php(66): Illuminate\\Pipeline\\Pipeline->Illuminate\\Pipeline\\{closure}(Object(Illuminate\\Http\\Request))
#48 /Applications/XAMPP/xamppfiles/htdocs/git/export-import-laravel/vendor/laravel/framework/src/Illuminate/Pipeline/Pipeline.php(167): Illuminate\\Cookie\\Middleware\\EncryptCookies->handle(Object(Illuminate\\Http\\Request), Object(Closure))
#49 /Applications/XAMPP/xamppfiles/htdocs/git/export-import-laravel/vendor/laravel/framework/src/Illuminate/Pipeline/Pipeline.php(103): Illuminate\\Pipeline\\Pipeline->Illuminate\\Pipeline\\{closure}(Object(Illuminate\\Http\\Request))
#50 /Applications/XAMPP/xamppfiles/htdocs/git/export-import-laravel/vendor/laravel/framework/src/Illuminate/Routing/Router.php(687): Illuminate\\Pipeline\\Pipeline->then(Object(Closure))
#51 /Applications/XAMPP/xamppfiles/htdocs/git/export-import-laravel/vendor/laravel/framework/src/Illuminate/Routing/Router.php(662): Illuminate\\Routing\\Router->runRouteWithinStack(Object(Illuminate\\Routing\\Route), Object(Illuminate\\Http\\Request))
#52 /Applications/XAMPP/xamppfiles/htdocs/git/export-import-laravel/vendor/laravel/framework/src/Illuminate/Routing/Router.php(628): Illuminate\\Routing\\Router->runRoute(Object(Illuminate\\Http\\Request), Object(Illuminate\\Routing\\Route))
#53 /Applications/XAMPP/xamppfiles/htdocs/git/export-import-laravel/vendor/laravel/framework/src/Illuminate/Routing/Router.php(617): Illuminate\\Routing\\Router->dispatchToRoute(Object(Illuminate\\Http\\Request))
#54 /Applications/XAMPP/xamppfiles/htdocs/git/export-import-laravel/vendor/laravel/framework/src/Illuminate/Foundation/Http/Kernel.php(165): Illuminate\\Routing\\Router->dispatch(Object(Illuminate\\Http\\Request))
#55 /Applications/XAMPP/xamppfiles/htdocs/git/export-import-laravel/vendor/laravel/framework/src/Illuminate/Pipeline/Pipeline.php(128): Illuminate\\Foundation\\Http\\Kernel->Illuminate\\Foundation\\Http\\{closure}(Object(Illuminate\\Http\\Request))
#56 /Applications/XAMPP/xamppfiles/htdocs/git/export-import-laravel/vendor/laravel/framework/src/Illuminate/Foundation/Http/Middleware/TransformsRequest.php(21): Illuminate\\Pipeline\\Pipeline->Illuminate\\Pipeline\\{closure}(Object(Illuminate\\Http\\Request))
#57 /Applications/XAMPP/xamppfiles/htdocs/git/export-import-laravel/vendor/laravel/framework/src/Illuminate/Pipeline/Pipeline.php(167): Illuminate\\Foundation\\Http\\Middleware\\TransformsRequest->handle(Object(Illuminate\\Http\\Request), Object(Closure))
#58 /Applications/XAMPP/xamppfiles/htdocs/git/export-import-laravel/vendor/laravel/framework/src/Illuminate/Foundation/Http/Middleware/TransformsRequest.php(21): Illuminate\\Pipeline\\Pipeline->Illuminate\\Pipeline\\{closure}(Object(Illuminate\\Http\\Request))
#59 /Applications/XAMPP/xamppfiles/htdocs/git/export-import-laravel/vendor/laravel/framework/src/Illuminate/Pipeline/Pipeline.php(167): Illuminate\\Foundation\\Http\\Middleware\\TransformsRequest->handle(Object(Illuminate\\Http\\Request), Object(Closure))
#60 /Applications/XAMPP/xamppfiles/htdocs/git/export-import-laravel/vendor/laravel/framework/src/Illuminate/Foundation/Http/Middleware/ValidatePostSize.php(27): Illuminate\\Pipeline\\Pipeline->Illuminate\\Pipeline\\{closure}(Object(Illuminate\\Http\\Request))
#61 /Applications/XAMPP/xamppfiles/htdocs/git/export-import-laravel/vendor/laravel/framework/src/Illuminate/Pipeline/Pipeline.php(167): Illuminate\\Foundation\\Http\\Middleware\\ValidatePostSize->handle(Object(Illuminate\\Http\\Request), Object(Closure))
#62 /Applications/XAMPP/xamppfiles/htdocs/git/export-import-laravel/vendor/laravel/framework/src/Illuminate/Foundation/Http/Middleware/CheckForMaintenanceMode.php(63): Illuminate\\Pipeline\\Pipeline->Illuminate\\Pipeline\\{closure}(Object(Illuminate\\Http\\Request))
#63 /Applications/XAMPP/xamppfiles/htdocs/git/export-import-laravel/vendor/laravel/framework/src/Illuminate/Pipeline/Pipeline.php(167): Illuminate\\Foundation\\Http\\Middleware\\CheckForMaintenanceMode->handle(Object(Illuminate\\Http\\Request), Object(Closure))
#64 /Applications/XAMPP/xamppfiles/htdocs/git/export-import-laravel/vendor/fruitcake/laravel-cors/src/HandleCors.php(37): Illuminate\\Pipeline\\Pipeline->Illuminate\\Pipeline\\{closure}(Object(Illuminate\\Http\\Request))
#65 /Applications/XAMPP/xamppfiles/htdocs/git/export-import-laravel/vendor/laravel/framework/src/Illuminate/Pipeline/Pipeline.php(167): Fruitcake\\Cors\\HandleCors->handle(Object(Illuminate\\Http\\Request), Object(Closure))
#66 /Applications/XAMPP/xamppfiles/htdocs/git/export-import-laravel/vendor/fideloper/proxy/src/TrustProxies.php(57): Illuminate\\Pipeline\\Pipeline->Illuminate\\Pipeline\\{closure}(Object(Illuminate\\Http\\Request))
#67 /Applications/XAMPP/xamppfiles/htdocs/git/export-import-laravel/vendor/laravel/framework/src/Illuminate/Pipeline/Pipeline.php(167): Fideloper\\Proxy\\TrustProxies->handle(Object(Illuminate\\Http\\Request), Object(Closure))
#68 /Applications/XAMPP/xamppfiles/htdocs/git/export-import-laravel/vendor/laravel/framework/src/Illuminate/Pipeline/Pipeline.php(103): Illuminate\\Pipeline\\Pipeline->Illuminate\\Pipeline\\{closure}(Object(Illuminate\\Http\\Request))
#69 /Applications/XAMPP/xamppfiles/htdocs/git/export-import-laravel/vendor/laravel/framework/src/Illuminate/Foundation/Http/Kernel.php(140): Illuminate\\Pipeline\\Pipeline->then(Object(Closure))
#70 /Applications/XAMPP/xamppfiles/htdocs/git/export-import-laravel/vendor/laravel/framework/src/Illuminate/Foundation/Http/Kernel.php(109): Illuminate\\Foundation\\Http\\Kernel->sendRequestThroughRouter(Object(Illuminate\\Http\\Request))
#71 /Applications/XAMPP/xamppfiles/htdocs/git/export-import-laravel/public/index.php(55): Illuminate\\Foundation\\Http\\Kernel->handle(Object(Illuminate\\Http\\Request))
#72 /Applications/XAMPP/xamppfiles/htdocs/git/export-import-laravel/server.php(21): require_once('/Applications/X...')
#73 {main}
"} 
[2020-05-20 15:58:29] local.ERROR: SQLSTATE[HY000]: General error: 1364 Field 'title' doesn't have a default value (SQL: insert into `products` (`detail`, `updated_at`, `created_at`) values (detail 1, 2020-05-20 15:58:29, 2020-05-20 15:58:29)) {"exception":"[object] (Illuminate\\Database\\QueryException(code: HY000): SQLSTATE[HY000]: General error: 1364 Field 'title' doesn't have a default value (SQL: insert into `products` (`detail`, `updated_at`, `created_at`) values (detail 1, 2020-05-20 15:58:29, 2020-05-20 15:58:29)) at /Applications/XAMPP/xamppfiles/htdocs/git/export-import-laravel/vendor/laravel/framework/src/Illuminate/Database/Connection.php:671)
[stacktrace]
#0 /Applications/XAMPP/xamppfiles/htdocs/git/export-import-laravel/vendor/laravel/framework/src/Illuminate/Database/Connection.php(631): Illuminate\\Database\\Connection->runQueryCallback('insert into `pr...', Array, Object(Closure))
#1 /Applications/XAMPP/xamppfiles/htdocs/git/export-import-laravel/vendor/laravel/framework/src/Illuminate/Database/Connection.php(465): Illuminate\\Database\\Connection->run('insert into `pr...', Array, Object(Closure))
#2 /Applications/XAMPP/xamppfiles/htdocs/git/export-import-laravel/vendor/laravel/framework/src/Illuminate/Database/Connection.php(417): Illuminate\\Database\\Connection->statement('insert into `pr...', Array)
#3 /Applications/XAMPP/xamppfiles/htdocs/git/export-import-laravel/vendor/laravel/framework/src/Illuminate/Database/Query/Processors/Processor.php(32): Illuminate\\Database\\Connection->insert('insert into `pr...', Array)
#4 /Applications/XAMPP/xamppfiles/htdocs/git/export-import-laravel/vendor/laravel/framework/src/Illuminate/Database/Query/Builder.php(2747): Illuminate\\Database\\Query\\Processors\\Processor->processInsertGetId(Object(Illuminate\\Database\\Query\\Builder), 'insert into `pr...', Array, 'id')
#5 /Applications/XAMPP/xamppfiles/htdocs/git/export-import-laravel/vendor/laravel/framework/src/Illuminate/Database/Eloquent/Builder.php(1403): Illuminate\\Database\\Query\\Builder->insertGetId(Array, 'id')
#6 /Applications/XAMPP/xamppfiles/htdocs/git/export-import-laravel/vendor/laravel/framework/src/Illuminate/Database/Eloquent/Model.php(867): Illuminate\\Database\\Eloquent\\Builder->__call('insertGetId', Array)
#7 /Applications/XAMPP/xamppfiles/htdocs/git/export-import-laravel/vendor/laravel/framework/src/Illuminate/Database/Eloquent/Model.php(832): Illuminate\\Database\\Eloquent\\Model->insertAndSetId(Object(Illuminate\\Database\\Eloquent\\Builder), Array)
#8 /Applications/XAMPP/xamppfiles/htdocs/git/export-import-laravel/vendor/laravel/framework/src/Illuminate/Database/Eloquent/Model.php(695): Illuminate\\Database\\Eloquent\\Model->performInsert(Object(Illuminate\\Database\\Eloquent\\Builder))
#9 /Applications/XAMPP/xamppfiles/htdocs/git/export-import-laravel/vendor/laravel/framework/src/Illuminate/Database/Eloquent/Model.php(724): Illuminate\\Database\\Eloquent\\Model->save(Array)
#10 /Applications/XAMPP/xamppfiles/htdocs/git/export-import-laravel/vendor/laravel/framework/src/Illuminate/Database/Concerns/ManagesTransactions.php(28): Illuminate\\Database\\Eloquent\\Model->Illuminate\\Database\\Eloquent\\{closure}(Object(Illuminate\\Database\\MySqlConnection))
#11 /Applications/XAMPP/xamppfiles/htdocs/git/export-import-laravel/vendor/laravel/framework/src/Illuminate/Database/Eloquent/Model.php(725): Illuminate\\Database\\Connection->transaction(Object(Closure))
#12 /Applications/XAMPP/xamppfiles/htdocs/git/export-import-laravel/vendor/maatwebsite/excel/src/Imports/ModelManager.php(118): Illuminate\\Database\\Eloquent\\Model->saveOrFail()
#13 /Applications/XAMPP/xamppfiles/htdocs/git/export-import-laravel/vendor/laravel/framework/src/Illuminate/Support/Traits/EnumeratesValues.php(202): Maatwebsite\\Excel\\Imports\\ModelManager->Maatwebsite\\Excel\\Imports\\{closure}(Object(App\\Product), 0)
#14 /Applications/XAMPP/xamppfiles/htdocs/git/export-import-laravel/vendor/maatwebsite/excel/src/Imports/ModelManager.php(126): Illuminate\\Support\\Collection->each(Object(Closure))
#15 /Applications/XAMPP/xamppfiles/htdocs/git/export-import-laravel/vendor/laravel/framework/src/Illuminate/Support/Traits/EnumeratesValues.php(202): Maatwebsite\\Excel\\Imports\\ModelManager->Maatwebsite\\Excel\\Imports\\{closure}(Array, 1)
#16 /Applications/XAMPP/xamppfiles/htdocs/git/export-import-laravel/vendor/maatwebsite/excel/src/Imports/ModelManager.php(127): Illuminate\\Support\\Collection->each(Object(Closure))
#17 /Applications/XAMPP/xamppfiles/htdocs/git/export-import-laravel/vendor/maatwebsite/excel/src/Imports/ModelManager.php(59): Maatwebsite\\Excel\\Imports\\ModelManager->singleFlush(Object(App\\Imports\\ProductsImport))
#18 /Applications/XAMPP/xamppfiles/htdocs/git/export-import-laravel/vendor/maatwebsite/excel/src/Imports/ModelImporter.php(60): Maatwebsite\\Excel\\Imports\\ModelManager->flush(Object(App\\Imports\\ProductsImport), false)
#19 /Applications/XAMPP/xamppfiles/htdocs/git/export-import-laravel/vendor/maatwebsite/excel/src/Sheet.php(248): Maatwebsite\\Excel\\Imports\\ModelImporter->import(Object(PhpOffice\\PhpSpreadsheet\\Worksheet\\Worksheet), Object(App\\Imports\\ProductsImport), 1)
#20 /Applications/XAMPP/xamppfiles/htdocs/git/export-import-laravel/vendor/maatwebsite/excel/src/Reader.php(111): Maatwebsite\\Excel\\Sheet->import(Object(App\\Imports\\ProductsImport), 1)
#21 /Applications/XAMPP/xamppfiles/htdocs/git/export-import-laravel/vendor/laravel/framework/src/Illuminate/Database/Concerns/ManagesTransactions.php(28): Maatwebsite\\Excel\\Reader->Maatwebsite\\Excel\\{closure}(Object(Illuminate\\Database\\MySqlConnection))
#22 /Applications/XAMPP/xamppfiles/htdocs/git/export-import-laravel/vendor/maatwebsite/excel/src/Transactions/DbTransactionHandler.php(30): Illuminate\\Database\\Connection->transaction(Object(Closure))
#23 /Applications/XAMPP/xamppfiles/htdocs/git/export-import-laravel/vendor/maatwebsite/excel/src/Reader.php(115): Maatwebsite\\Excel\\Transactions\\DbTransactionHandler->__invoke(Object(Closure))
#24 /Applications/XAMPP/xamppfiles/htdocs/git/export-import-laravel/vendor/maatwebsite/excel/src/Excel.php(146): Maatwebsite\\Excel\\Reader->read(Object(App\\Imports\\ProductsImport), Object(Illuminate\\Http\\UploadedFile), 'Csv', NULL)
#25 /Applications/XAMPP/xamppfiles/htdocs/git/export-import-laravel/vendor/laravel/framework/src/Illuminate/Support/Facades/Facade.php(261): Maatwebsite\\Excel\\Excel->import(Object(App\\Imports\\ProductsImport), Object(Illuminate\\Http\\UploadedFile))
#26 /Applications/XAMPP/xamppfiles/htdocs/git/export-import-laravel/app/Http/Controllers/ProductController.php(106): Illuminate\\Support\\Facades\\Facade::__callStatic('import', Array)
#27 [internal function]: App\\Http\\Controllers\\ProductController->import()
#28 /Applications/XAMPP/xamppfiles/htdocs/git/export-import-laravel/vendor/laravel/framework/src/Illuminate/Routing/Controller.php(54): call_user_func_array(Array, Array)
#29 /Applications/XAMPP/xamppfiles/htdocs/git/export-import-laravel/vendor/laravel/framework/src/Illuminate/Routing/ControllerDispatcher.php(45): Illuminate\\Routing\\Controller->callAction('import', Array)
#30 /Applications/XAMPP/xamppfiles/htdocs/git/export-import-laravel/vendor/laravel/framework/src/Illuminate/Routing/Route.php(239): Illuminate\\Routing\\ControllerDispatcher->dispatch(Object(Illuminate\\Routing\\Route), Object(App\\Http\\Controllers\\ProductController), 'import')
#31 /Applications/XAMPP/xamppfiles/htdocs/git/export-import-laravel/vendor/laravel/framework/src/Illuminate/Routing/Route.php(196): Illuminate\\Routing\\Route->runController()
#32 /Applications/XAMPP/xamppfiles/htdocs/git/export-import-laravel/vendor/laravel/framework/src/Illuminate/Routing/Router.php(685): Illuminate\\Routing\\Route->run()
#33 /Applications/XAMPP/xamppfiles/htdocs/git/export-import-laravel/vendor/laravel/framework/src/Illuminate/Pipeline/Pipeline.php(128): Illuminate\\Routing\\Router->Illuminate\\Routing\\{closure}(Object(Illuminate\\Http\\Request))
#34 /Applications/XAMPP/xamppfiles/htdocs/git/export-import-laravel/vendor/laravel/framework/src/Illuminate/Routing/Middleware/SubstituteBindings.php(41): Illuminate\\Pipeline\\Pipeline->Illuminate\\Pipeline\\{closure}(Object(Illuminate\\Http\\Request))
#35 /Applications/XAMPP/xamppfiles/htdocs/git/export-import-laravel/vendor/laravel/framework/src/Illuminate/Pipeline/Pipeline.php(167): Illuminate\\Routing\\Middleware\\SubstituteBindings->handle(Object(Illuminate\\Http\\Request), Object(Closure))
#36 /Applications/XAMPP/xamppfiles/htdocs/git/export-import-laravel/vendor/laravel/framework/src/Illuminate/Foundation/Http/Middleware/VerifyCsrfToken.php(76): Illuminate\\Pipeline\\Pipeline->Illuminate\\Pipeline\\{closure}(Object(Illuminate\\Http\\Request))
#37 /Applications/XAMPP/xamppfiles/htdocs/git/export-import-laravel/vendor/laravel/framework/src/Illuminate/Pipeline/Pipeline.php(167): Illuminate\\Foundation\\Http\\Middleware\\VerifyCsrfToken->handle(Object(Illuminate\\Http\\Request), Object(Closure))
#38 /Applications/XAMPP/xamppfiles/htdocs/git/export-import-laravel/vendor/laravel/framework/src/Illuminate/View/Middleware/ShareErrorsFromSession.php(49): Illuminate\\Pipeline\\Pipeline->Illuminate\\Pipeline\\{closure}(Object(Illuminate\\Http\\Request))
#39 /Applications/XAMPP/xamppfiles/htdocs/git/export-import-laravel/vendor/laravel/framework/src/Illuminate/Pipeline/Pipeline.php(167): Illuminate\\View\\Middleware\\ShareErrorsFromSession->handle(Object(Illuminate\\Http\\Request), Object(Closure))
#40 /Applications/XAMPP/xamppfiles/htdocs/git/export-import-laravel/vendor/laravel/framework/src/Illuminate/Session/Middleware/StartSession.php(116): Illuminate\\Pipeline\\Pipeline->Illuminate\\Pipeline\\{closure}(Object(Illuminate\\Http\\Request))
#41 /Applications/XAMPP/xamppfiles/htdocs/git/export-import-laravel/vendor/laravel/framework/src/Illuminate/Session/Middleware/StartSession.php(62): Illuminate\\Session\\Middleware\\StartSession->handleStatefulRequest(Object(Illuminate\\Http\\Request), Object(Illuminate\\Session\\Store), Object(Closure))
#42 /Applications/XAMPP/xamppfiles/htdocs/git/export-import-laravel/vendor/laravel/framework/src/Illuminate/Pipeline/Pipeline.php(167): Illuminate\\Session\\Middleware\\StartSession->handle(Object(Illuminate\\Http\\Request), Object(Closure))
#43 /Applications/XAMPP/xamppfiles/htdocs/git/export-import-laravel/vendor/laravel/framework/src/Illuminate/Cookie/Middleware/AddQueuedCookiesToResponse.php(37): Illuminate\\Pipeline\\Pipeline->Illuminate\\Pipeline\\{closure}(Object(Illuminate\\Http\\Request))
#44 /Applications/XAMPP/xamppfiles/htdocs/git/export-import-laravel/vendor/laravel/framework/src/Illuminate/Pipeline/Pipeline.php(167): Illuminate\\Cookie\\Middleware\\AddQueuedCookiesToResponse->handle(Object(Illuminate\\Http\\Request), Object(Closure))
#45 /Applications/XAMPP/xamppfiles/htdocs/git/export-import-laravel/vendor/laravel/framework/src/Illuminate/Cookie/Middleware/EncryptCookies.php(66): Illuminate\\Pipeline\\Pipeline->Illuminate\\Pipeline\\{closure}(Object(Illuminate\\Http\\Request))
#46 /Applications/XAMPP/xamppfiles/htdocs/git/export-import-laravel/vendor/laravel/framework/src/Illuminate/Pipeline/Pipeline.php(167): Illuminate\\Cookie\\Middleware\\EncryptCookies->handle(Object(Illuminate\\Http\\Request), Object(Closure))
#47 /Applications/XAMPP/xamppfiles/htdocs/git/export-import-laravel/vendor/laravel/framework/src/Illuminate/Pipeline/Pipeline.php(103): Illuminate\\Pipeline\\Pipeline->Illuminate\\Pipeline\\{closure}(Object(Illuminate\\Http\\Request))
#48 /Applications/XAMPP/xamppfiles/htdocs/git/export-import-laravel/vendor/laravel/framework/src/Illuminate/Routing/Router.php(687): Illuminate\\Pipeline\\Pipeline->then(Object(Closure))
#49 /Applications/XAMPP/xamppfiles/htdocs/git/export-import-laravel/vendor/laravel/framework/src/Illuminate/Routing/Router.php(662): Illuminate\\Routing\\Router->runRouteWithinStack(Object(Illuminate\\Routing\\Route), Object(Illuminate\\Http\\Request))
#50 /Applications/XAMPP/xamppfiles/htdocs/git/export-import-laravel/vendor/laravel/framework/src/Illuminate/Routing/Router.php(628): Illuminate\\Routing\\Router->runRoute(Object(Illuminate\\Http\\Request), Object(Illuminate\\Routing\\Route))
#51 /Applications/XAMPP/xamppfiles/htdocs/git/export-import-laravel/vendor/laravel/framework/src/Illuminate/Routing/Router.php(617): Illuminate\\Routing\\Router->dispatchToRoute(Object(Illuminate\\Http\\Request))
#52 /Applications/XAMPP/xamppfiles/htdocs/git/export-import-laravel/vendor/laravel/framework/src/Illuminate/Foundation/Http/Kernel.php(165): Illuminate\\Routing\\Router->dispatch(Object(Illuminate\\Http\\Request))
#53 /Applications/XAMPP/xamppfiles/htdocs/git/export-import-laravel/vendor/laravel/framework/src/Illuminate/Pipeline/Pipeline.php(128): Illuminate\\Foundation\\Http\\Kernel->Illuminate\\Foundation\\Http\\{closure}(Object(Illuminate\\Http\\Request))
#54 /Applications/XAMPP/xamppfiles/htdocs/git/export-import-laravel/vendor/laravel/framework/src/Illuminate/Foundation/Http/Middleware/TransformsRequest.php(21): Illuminate\\Pipeline\\Pipeline->Illuminate\\Pipeline\\{closure}(Object(Illuminate\\Http\\Request))
#55 /Applications/XAMPP/xamppfiles/htdocs/git/export-import-laravel/vendor/laravel/framework/src/Illuminate/Pipeline/Pipeline.php(167): Illuminate\\Foundation\\Http\\Middleware\\TransformsRequest->handle(Object(Illuminate\\Http\\Request), Object(Closure))
#56 /Applications/XAMPP/xamppfiles/htdocs/git/export-import-laravel/vendor/laravel/framework/src/Illuminate/Foundation/Http/Middleware/TransformsRequest.php(21): Illuminate\\Pipeline\\Pipeline->Illuminate\\Pipeline\\{closure}(Object(Illuminate\\Http\\Request))
#57 /Applications/XAMPP/xamppfiles/htdocs/git/export-import-laravel/vendor/laravel/framework/src/Illuminate/Pipeline/Pipeline.php(167): Illuminate\\Foundation\\Http\\Middleware\\TransformsRequest->handle(Object(Illuminate\\Http\\Request), Object(Closure))
#58 /Applications/XAMPP/xamppfiles/htdocs/git/export-import-laravel/vendor/laravel/framework/src/Illuminate/Foundation/Http/Middleware/ValidatePostSize.php(27): Illuminate\\Pipeline\\Pipeline->Illuminate\\Pipeline\\{closure}(Object(Illuminate\\Http\\Request))
#59 /Applications/XAMPP/xamppfiles/htdocs/git/export-import-laravel/vendor/laravel/framework/src/Illuminate/Pipeline/Pipeline.php(167): Illuminate\\Foundation\\Http\\Middleware\\ValidatePostSize->handle(Object(Illuminate\\Http\\Request), Object(Closure))
#60 /Applications/XAMPP/xamppfiles/htdocs/git/export-import-laravel/vendor/laravel/framework/src/Illuminate/Foundation/Http/Middleware/CheckForMaintenanceMode.php(63): Illuminate\\Pipeline\\Pipeline->Illuminate\\Pipeline\\{closure}(Object(Illuminate\\Http\\Request))
#61 /Applications/XAMPP/xamppfiles/htdocs/git/export-import-laravel/vendor/laravel/framework/src/Illuminate/Pipeline/Pipeline.php(167): Illuminate\\Foundation\\Http\\Middleware\\CheckForMaintenanceMode->handle(Object(Illuminate\\Http\\Request), Object(Closure))
#62 /Applications/XAMPP/xamppfiles/htdocs/git/export-import-laravel/vendor/fruitcake/laravel-cors/src/HandleCors.php(37): Illuminate\\Pipeline\\Pipeline->Illuminate\\Pipeline\\{closure}(Object(Illuminate\\Http\\Request))
#63 /Applications/XAMPP/xamppfiles/htdocs/git/export-import-laravel/vendor/laravel/framework/src/Illuminate/Pipeline/Pipeline.php(167): Fruitcake\\Cors\\HandleCors->handle(Object(Illuminate\\Http\\Request), Object(Closure))
#64 /Applications/XAMPP/xamppfiles/htdocs/git/export-import-laravel/vendor/fideloper/proxy/src/TrustProxies.php(57): Illuminate\\Pipeline\\Pipeline->Illuminate\\Pipeline\\{closure}(Object(Illuminate\\Http\\Request))
#65 /Applications/XAMPP/xamppfiles/htdocs/git/export-import-laravel/vendor/laravel/framework/src/Illuminate/Pipeline/Pipeline.php(167): Fideloper\\Proxy\\TrustProxies->handle(Object(Illuminate\\Http\\Request), Object(Closure))
#66 /Applications/XAMPP/xamppfiles/htdocs/git/export-import-laravel/vendor/laravel/framework/src/Illuminate/Pipeline/Pipeline.php(103): Illuminate\\Pipeline\\Pipeline->Illuminate\\Pipeline\\{closure}(Object(Illuminate\\Http\\Request))
#67 /Applications/XAMPP/xamppfiles/htdocs/git/export-import-laravel/vendor/laravel/framework/src/Illuminate/Foundation/Http/Kernel.php(140): Illuminate\\Pipeline\\Pipeline->then(Object(Closure))
#68 /Applications/XAMPP/xamppfiles/htdocs/git/export-import-laravel/vendor/laravel/framework/src/Illuminate/Foundation/Http/Kernel.php(109): Illuminate\\Foundation\\Http\\Kernel->sendRequestThroughRouter(Object(Illuminate\\Http\\Request))
#69 /Applications/XAMPP/xamppfiles/htdocs/git/export-import-laravel/public/index.php(55): Illuminate\\Foundation\\Http\\Kernel->handle(Object(Illuminate\\Http\\Request))
#70 /Applications/XAMPP/xamppfiles/htdocs/git/export-import-laravel/server.php(21): require_once('/Applications/X...')
#71 {main}

[previous exception] [object] (PDOException(code: HY000): SQLSTATE[HY000]: General error: 1364 Field 'title' doesn't have a default value at /Applications/XAMPP/xamppfiles/htdocs/git/export-import-laravel/vendor/laravel/framework/src/Illuminate/Database/Connection.php:464)
[stacktrace]
#0 /Applications/XAMPP/xamppfiles/htdocs/git/export-import-laravel/vendor/laravel/framework/src/Illuminate/Database/Connection.php(464): PDOStatement->execute()
#1 /Applications/XAMPP/xamppfiles/htdocs/git/export-import-laravel/vendor/laravel/framework/src/Illuminate/Database/Connection.php(664): Illuminate\\Database\\Connection->Illuminate\\Database\\{closure}('insert into `pr...', Array)
#2 /Applications/XAMPP/xamppfiles/htdocs/git/export-import-laravel/vendor/laravel/framework/src/Illuminate/Database/Connection.php(631): Illuminate\\Database\\Connection->runQueryCallback('insert into `pr...', Array, Object(Closure))
#3 /Applications/XAMPP/xamppfiles/htdocs/git/export-import-laravel/vendor/laravel/framework/src/Illuminate/Database/Connection.php(465): Illuminate\\Database\\Connection->run('insert into `pr...', Array, Object(Closure))
#4 /Applications/XAMPP/xamppfiles/htdocs/git/export-import-laravel/vendor/laravel/framework/src/Illuminate/Database/Connection.php(417): Illuminate\\Database\\Connection->statement('insert into `pr...', Array)
#5 /Applications/XAMPP/xamppfiles/htdocs/git/export-import-laravel/vendor/laravel/framework/src/Illuminate/Database/Query/Processors/Processor.php(32): Illuminate\\Database\\Connection->insert('insert into `pr...', Array)
#6 /Applications/XAMPP/xamppfiles/htdocs/git/export-import-laravel/vendor/laravel/framework/src/Illuminate/Database/Query/Builder.php(2747): Illuminate\\Database\\Query\\Processors\\Processor->processInsertGetId(Object(Illuminate\\Database\\Query\\Builder), 'insert into `pr...', Array, 'id')
#7 /Applications/XAMPP/xamppfiles/htdocs/git/export-import-laravel/vendor/laravel/framework/src/Illuminate/Database/Eloquent/Builder.php(1403): Illuminate\\Database\\Query\\Builder->insertGetId(Array, 'id')
#8 /Applications/XAMPP/xamppfiles/htdocs/git/export-import-laravel/vendor/laravel/framework/src/Illuminate/Database/Eloquent/Model.php(867): Illuminate\\Database\\Eloquent\\Builder->__call('insertGetId', Array)
#9 /Applications/XAMPP/xamppfiles/htdocs/git/export-import-laravel/vendor/laravel/framework/src/Illuminate/Database/Eloquent/Model.php(832): Illuminate\\Database\\Eloquent\\Model->insertAndSetId(Object(Illuminate\\Database\\Eloquent\\Builder), Array)
#10 /Applications/XAMPP/xamppfiles/htdocs/git/export-import-laravel/vendor/laravel/framework/src/Illuminate/Database/Eloquent/Model.php(695): Illuminate\\Database\\Eloquent\\Model->performInsert(Object(Illuminate\\Database\\Eloquent\\Builder))
#11 /Applications/XAMPP/xamppfiles/htdocs/git/export-import-laravel/vendor/laravel/framework/src/Illuminate/Database/Eloquent/Model.php(724): Illuminate\\Database\\Eloquent\\Model->save(Array)
#12 /Applications/XAMPP/xamppfiles/htdocs/git/export-import-laravel/vendor/laravel/framework/src/Illuminate/Database/Concerns/ManagesTransactions.php(28): Illuminate\\Database\\Eloquent\\Model->Illuminate\\Database\\Eloquent\\{closure}(Object(Illuminate\\Database\\MySqlConnection))
#13 /Applications/XAMPP/xamppfiles/htdocs/git/export-import-laravel/vendor/laravel/framework/src/Illuminate/Database/Eloquent/Model.php(725): Illuminate\\Database\\Connection->transaction(Object(Closure))
#14 /Applications/XAMPP/xamppfiles/htdocs/git/export-import-laravel/vendor/maatwebsite/excel/src/Imports/ModelManager.php(118): Illuminate\\Database\\Eloquent\\Model->saveOrFail()
#15 /Applications/XAMPP/xamppfiles/htdocs/git/export-import-laravel/vendor/laravel/framework/src/Illuminate/Support/Traits/EnumeratesValues.php(202): Maatwebsite\\Excel\\Imports\\ModelManager->Maatwebsite\\Excel\\Imports\\{closure}(Object(App\\Product), 0)
#16 /Applications/XAMPP/xamppfiles/htdocs/git/export-import-laravel/vendor/maatwebsite/excel/src/Imports/ModelManager.php(126): Illuminate\\Support\\Collection->each(Object(Closure))
#17 /Applications/XAMPP/xamppfiles/htdocs/git/export-import-laravel/vendor/laravel/framework/src/Illuminate/Support/Traits/EnumeratesValues.php(202): Maatwebsite\\Excel\\Imports\\ModelManager->Maatwebsite\\Excel\\Imports\\{closure}(Array, 1)
#18 /Applications/XAMPP/xamppfiles/htdocs/git/export-import-laravel/vendor/maatwebsite/excel/src/Imports/ModelManager.php(127): Illuminate\\Support\\Collection->each(Object(Closure))
#19 /Applications/XAMPP/xamppfiles/htdocs/git/export-import-laravel/vendor/maatwebsite/excel/src/Imports/ModelManager.php(59): Maatwebsite\\Excel\\Imports\\ModelManager->singleFlush(Object(App\\Imports\\ProductsImport))
#20 /Applications/XAMPP/xamppfiles/htdocs/git/export-import-laravel/vendor/maatwebsite/excel/src/Imports/ModelImporter.php(60): Maatwebsite\\Excel\\Imports\\ModelManager->flush(Object(App\\Imports\\ProductsImport), false)
#21 /Applications/XAMPP/xamppfiles/htdocs/git/export-import-laravel/vendor/maatwebsite/excel/src/Sheet.php(248): Maatwebsite\\Excel\\Imports\\ModelImporter->import(Object(PhpOffice\\PhpSpreadsheet\\Worksheet\\Worksheet), Object(App\\Imports\\ProductsImport), 1)
#22 /Applications/XAMPP/xamppfiles/htdocs/git/export-import-laravel/vendor/maatwebsite/excel/src/Reader.php(111): Maatwebsite\\Excel\\Sheet->import(Object(App\\Imports\\ProductsImport), 1)
#23 /Applications/XAMPP/xamppfiles/htdocs/git/export-import-laravel/vendor/laravel/framework/src/Illuminate/Database/Concerns/ManagesTransactions.php(28): Maatwebsite\\Excel\\Reader->Maatwebsite\\Excel\\{closure}(Object(Illuminate\\Database\\MySqlConnection))
#24 /Applications/XAMPP/xamppfiles/htdocs/git/export-import-laravel/vendor/maatwebsite/excel/src/Transactions/DbTransactionHandler.php(30): Illuminate\\Database\\Connection->transaction(Object(Closure))
#25 /Applications/XAMPP/xamppfiles/htdocs/git/export-import-laravel/vendor/maatwebsite/excel/src/Reader.php(115): Maatwebsite\\Excel\\Transactions\\DbTransactionHandler->__invoke(Object(Closure))
#26 /Applications/XAMPP/xamppfiles/htdocs/git/export-import-laravel/vendor/maatwebsite/excel/src/Excel.php(146): Maatwebsite\\Excel\\Reader->read(Object(App\\Imports\\ProductsImport), Object(Illuminate\\Http\\UploadedFile), 'Csv', NULL)
#27 /Applications/XAMPP/xamppfiles/htdocs/git/export-import-laravel/vendor/laravel/framework/src/Illuminate/Support/Facades/Facade.php(261): Maatwebsite\\Excel\\Excel->import(Object(App\\Imports\\ProductsImport), Object(Illuminate\\Http\\UploadedFile))
#28 /Applications/XAMPP/xamppfiles/htdocs/git/export-import-laravel/app/Http/Controllers/ProductController.php(106): Illuminate\\Support\\Facades\\Facade::__callStatic('import', Array)
#29 [internal function]: App\\Http\\Controllers\\ProductController->import()
#30 /Applications/XAMPP/xamppfiles/htdocs/git/export-import-laravel/vendor/laravel/framework/src/Illuminate/Routing/Controller.php(54): call_user_func_array(Array, Array)
#31 /Applications/XAMPP/xamppfiles/htdocs/git/export-import-laravel/vendor/laravel/framework/src/Illuminate/Routing/ControllerDispatcher.php(45): Illuminate\\Routing\\Controller->callAction('import', Array)
#32 /Applications/XAMPP/xamppfiles/htdocs/git/export-import-laravel/vendor/laravel/framework/src/Illuminate/Routing/Route.php(239): Illuminate\\Routing\\ControllerDispatcher->dispatch(Object(Illuminate\\Routing\\Route), Object(App\\Http\\Controllers\\ProductController), 'import')
#33 /Applications/XAMPP/xamppfiles/htdocs/git/export-import-laravel/vendor/laravel/framework/src/Illuminate/Routing/Route.php(196): Illuminate\\Routing\\Route->runController()
#34 /Applications/XAMPP/xamppfiles/htdocs/git/export-import-laravel/vendor/laravel/framework/src/Illuminate/Routing/Router.php(685): Illuminate\\Routing\\Route->run()
#35 /Applications/XAMPP/xamppfiles/htdocs/git/export-import-laravel/vendor/laravel/framework/src/Illuminate/Pipeline/Pipeline.php(128): Illuminate\\Routing\\Router->Illuminate\\Routing\\{closure}(Object(Illuminate\\Http\\Request))
#36 /Applications/XAMPP/xamppfiles/htdocs/git/export-import-laravel/vendor/laravel/framework/src/Illuminate/Routing/Middleware/SubstituteBindings.php(41): Illuminate\\Pipeline\\Pipeline->Illuminate\\Pipeline\\{closure}(Object(Illuminate\\Http\\Request))
#37 /Applications/XAMPP/xamppfiles/htdocs/git/export-import-laravel/vendor/laravel/framework/src/Illuminate/Pipeline/Pipeline.php(167): Illuminate\\Routing\\Middleware\\SubstituteBindings->handle(Object(Illuminate\\Http\\Request), Object(Closure))
#38 /Applications/XAMPP/xamppfiles/htdocs/git/export-import-laravel/vendor/laravel/framework/src/Illuminate/Foundation/Http/Middleware/VerifyCsrfToken.php(76): Illuminate\\Pipeline\\Pipeline->Illuminate\\Pipeline\\{closure}(Object(Illuminate\\Http\\Request))
#39 /Applications/XAMPP/xamppfiles/htdocs/git/export-import-laravel/vendor/laravel/framework/src/Illuminate/Pipeline/Pipeline.php(167): Illuminate\\Foundation\\Http\\Middleware\\VerifyCsrfToken->handle(Object(Illuminate\\Http\\Request), Object(Closure))
#40 /Applications/XAMPP/xamppfiles/htdocs/git/export-import-laravel/vendor/laravel/framework/src/Illuminate/View/Middleware/ShareErrorsFromSession.php(49): Illuminate\\Pipeline\\Pipeline->Illuminate\\Pipeline\\{closure}(Object(Illuminate\\Http\\Request))
#41 /Applications/XAMPP/xamppfiles/htdocs/git/export-import-laravel/vendor/laravel/framework/src/Illuminate/Pipeline/Pipeline.php(167): Illuminate\\View\\Middleware\\ShareErrorsFromSession->handle(Object(Illuminate\\Http\\Request), Object(Closure))
#42 /Applications/XAMPP/xamppfiles/htdocs/git/export-import-laravel/vendor/laravel/framework/src/Illuminate/Session/Middleware/StartSession.php(116): Illuminate\\Pipeline\\Pipeline->Illuminate\\Pipeline\\{closure}(Object(Illuminate\\Http\\Request))
#43 /Applications/XAMPP/xamppfiles/htdocs/git/export-import-laravel/vendor/laravel/framework/src/Illuminate/Session/Middleware/StartSession.php(62): Illuminate\\Session\\Middleware\\StartSession->handleStatefulRequest(Object(Illuminate\\Http\\Request), Object(Illuminate\\Session\\Store), Object(Closure))
#44 /Applications/XAMPP/xamppfiles/htdocs/git/export-import-laravel/vendor/laravel/framework/src/Illuminate/Pipeline/Pipeline.php(167): Illuminate\\Session\\Middleware\\StartSession->handle(Object(Illuminate\\Http\\Request), Object(Closure))
#45 /Applications/XAMPP/xamppfiles/htdocs/git/export-import-laravel/vendor/laravel/framework/src/Illuminate/Cookie/Middleware/AddQueuedCookiesToResponse.php(37): Illuminate\\Pipeline\\Pipeline->Illuminate\\Pipeline\\{closure}(Object(Illuminate\\Http\\Request))
#46 /Applications/XAMPP/xamppfiles/htdocs/git/export-import-laravel/vendor/laravel/framework/src/Illuminate/Pipeline/Pipeline.php(167): Illuminate\\Cookie\\Middleware\\AddQueuedCookiesToResponse->handle(Object(Illuminate\\Http\\Request), Object(Closure))
#47 /Applications/XAMPP/xamppfiles/htdocs/git/export-import-laravel/vendor/laravel/framework/src/Illuminate/Cookie/Middleware/EncryptCookies.php(66): Illuminate\\Pipeline\\Pipeline->Illuminate\\Pipeline\\{closure}(Object(Illuminate\\Http\\Request))
#48 /Applications/XAMPP/xamppfiles/htdocs/git/export-import-laravel/vendor/laravel/framework/src/Illuminate/Pipeline/Pipeline.php(167): Illuminate\\Cookie\\Middleware\\EncryptCookies->handle(Object(Illuminate\\Http\\Request), Object(Closure))
#49 /Applications/XAMPP/xamppfiles/htdocs/git/export-import-laravel/vendor/laravel/framework/src/Illuminate/Pipeline/Pipeline.php(103): Illuminate\\Pipeline\\Pipeline->Illuminate\\Pipeline\\{closure}(Object(Illuminate\\Http\\Request))
#50 /Applications/XAMPP/xamppfiles/htdocs/git/export-import-laravel/vendor/laravel/framework/src/Illuminate/Routing/Router.php(687): Illuminate\\Pipeline\\Pipeline->then(Object(Closure))
#51 /Applications/XAMPP/xamppfiles/htdocs/git/export-import-laravel/vendor/laravel/framework/src/Illuminate/Routing/Router.php(662): Illuminate\\Routing\\Router->runRouteWithinStack(Object(Illuminate\\Routing\\Route), Object(Illuminate\\Http\\Request))
#52 /Applications/XAMPP/xamppfiles/htdocs/git/export-import-laravel/vendor/laravel/framework/src/Illuminate/Routing/Router.php(628): Illuminate\\Routing\\Router->runRoute(Object(Illuminate\\Http\\Request), Object(Illuminate\\Routing\\Route))
#53 /Applications/XAMPP/xamppfiles/htdocs/git/export-import-laravel/vendor/laravel/framework/src/Illuminate/Routing/Router.php(617): Illuminate\\Routing\\Router->dispatchToRoute(Object(Illuminate\\Http\\Request))
#54 /Applications/XAMPP/xamppfiles/htdocs/git/export-import-laravel/vendor/laravel/framework/src/Illuminate/Foundation/Http/Kernel.php(165): Illuminate\\Routing\\Router->dispatch(Object(Illuminate\\Http\\Request))
#55 /Applications/XAMPP/xamppfiles/htdocs/git/export-import-laravel/vendor/laravel/framework/src/Illuminate/Pipeline/Pipeline.php(128): Illuminate\\Foundation\\Http\\Kernel->Illuminate\\Foundation\\Http\\{closure}(Object(Illuminate\\Http\\Request))
#56 /Applications/XAMPP/xamppfiles/htdocs/git/export-import-laravel/vendor/laravel/framework/src/Illuminate/Foundation/Http/Middleware/TransformsRequest.php(21): Illuminate\\Pipeline\\Pipeline->Illuminate\\Pipeline\\{closure}(Object(Illuminate\\Http\\Request))
#57 /Applications/XAMPP/xamppfiles/htdocs/git/export-import-laravel/vendor/laravel/framework/src/Illuminate/Pipeline/Pipeline.php(167): Illuminate\\Foundation\\Http\\Middleware\\TransformsRequest->handle(Object(Illuminate\\Http\\Request), Object(Closure))
#58 /Applications/XAMPP/xamppfiles/htdocs/git/export-import-laravel/vendor/laravel/framework/src/Illuminate/Foundation/Http/Middleware/TransformsRequest.php(21): Illuminate\\Pipeline\\Pipeline->Illuminate\\Pipeline\\{closure}(Object(Illuminate\\Http\\Request))
#59 /Applications/XAMPP/xamppfiles/htdocs/git/export-import-laravel/vendor/laravel/framework/src/Illuminate/Pipeline/Pipeline.php(167): Illuminate\\Foundation\\Http\\Middleware\\TransformsRequest->handle(Object(Illuminate\\Http\\Request), Object(Closure))
#60 /Applications/XAMPP/xamppfiles/htdocs/git/export-import-laravel/vendor/laravel/framework/src/Illuminate/Foundation/Http/Middleware/ValidatePostSize.php(27): Illuminate\\Pipeline\\Pipeline->Illuminate\\Pipeline\\{closure}(Object(Illuminate\\Http\\Request))
#61 /Applications/XAMPP/xamppfiles/htdocs/git/export-import-laravel/vendor/laravel/framework/src/Illuminate/Pipeline/Pipeline.php(167): Illuminate\\Foundation\\Http\\Middleware\\ValidatePostSize->handle(Object(Illuminate\\Http\\Request), Object(Closure))
#62 /Applications/XAMPP/xamppfiles/htdocs/git/export-import-laravel/vendor/laravel/framework/src/Illuminate/Foundation/Http/Middleware/CheckForMaintenanceMode.php(63): Illuminate\\Pipeline\\Pipeline->Illuminate\\Pipeline\\{closure}(Object(Illuminate\\Http\\Request))
#63 /Applications/XAMPP/xamppfiles/htdocs/git/export-import-laravel/vendor/laravel/framework/src/Illuminate/Pipeline/Pipeline.php(167): Illuminate\\Foundation\\Http\\Middleware\\CheckForMaintenanceMode->handle(Object(Illuminate\\Http\\Request), Object(Closure))
#64 /Applications/XAMPP/xamppfiles/htdocs/git/export-import-laravel/vendor/fruitcake/laravel-cors/src/HandleCors.php(37): Illuminate\\Pipeline\\Pipeline->Illuminate\\Pipeline\\{closure}(Object(Illuminate\\Http\\Request))
#65 /Applications/XAMPP/xamppfiles/htdocs/git/export-import-laravel/vendor/laravel/framework/src/Illuminate/Pipeline/Pipeline.php(167): Fruitcake\\Cors\\HandleCors->handle(Object(Illuminate\\Http\\Request), Object(Closure))
#66 /Applications/XAMPP/xamppfiles/htdocs/git/export-import-laravel/vendor/fideloper/proxy/src/TrustProxies.php(57): Illuminate\\Pipeline\\Pipeline->Illuminate\\Pipeline\\{closure}(Object(Illuminate\\Http\\Request))
#67 /Applications/XAMPP/xamppfiles/htdocs/git/export-import-laravel/vendor/laravel/framework/src/Illuminate/Pipeline/Pipeline.php(167): Fideloper\\Proxy\\TrustProxies->handle(Object(Illuminate\\Http\\Request), Object(Closure))
#68 /Applications/XAMPP/xamppfiles/htdocs/git/export-import-laravel/vendor/laravel/framework/src/Illuminate/Pipeline/Pipeline.php(103): Illuminate\\Pipeline\\Pipeline->Illuminate\\Pipeline\\{closure}(Object(Illuminate\\Http\\Request))
#69 /Applications/XAMPP/xamppfiles/htdocs/git/export-import-laravel/vendor/laravel/framework/src/Illuminate/Foundation/Http/Kernel.php(140): Illuminate\\Pipeline\\Pipeline->then(Object(Closure))
#70 /Applications/XAMPP/xamppfiles/htdocs/git/export-import-laravel/vendor/laravel/framework/src/Illuminate/Foundation/Http/Kernel.php(109): Illuminate\\Foundation\\Http\\Kernel->sendRequestThroughRouter(Object(Illuminate\\Http\\Request))
#71 /Applications/XAMPP/xamppfiles/htdocs/git/export-import-laravel/public/index.php(55): Illuminate\\Foundation\\Http\\Kernel->handle(Object(Illuminate\\Http\\Request))
#72 /Applications/XAMPP/xamppfiles/htdocs/git/export-import-laravel/server.php(21): require_once('/Applications/X...')
#73 {main}
"} 
